<?xml version="1.0" encoding="UTF-8" ?>
<testsuites name="danrusu_apiTest_Calculate" failures="0" id="2019_05_02_14_50_19_danrusu_apiTest_Calculate" tests="3" time="0h:0m:8s:830ms">
   <testsuite name="Validate_CalculateApi_SUM" failures="0" id="1" tests="4" time="0h:0m:4s:271ms">
      <testcase id="1" time="0h:0m:2s:718ms" name="main.java.projects.danrusu.testCases.CalculateApi">

      </testcase>
      <testcase id="2" time="0h:0m:0s:508ms" name="main.java.projects.danrusu.testCases.CalculateApi">

      </testcase>
      <testcase id="3" time="0h:0m:0s:505ms" name="main.java.projects.danrusu.testCases.CalculateApi">

      </testcase>
      <testcase id="4" time="0h:0m:0s:518ms" name="main.java.projects.danrusu.testCases.CalculateApi">

      </testcase>
   </testsuite>
   <testsuite name="Validate_CalculateApi_MULTIPLICATION" failures="0" id="2" tests="4" time="0h:0m:2s:4ms">
      <testcase id="1" time="0h:0m:0s:497ms" name="main.java.projects.danrusu.testCases.CalculateApi">

      </testcase>
      <testcase id="2" time="0h:0m:0s:512ms" name="main.java.projects.danrusu.testCases.CalculateApi">

      </testcase>
      <testcase id="3" time="0h:0m:0s:490ms" name="main.java.projects.danrusu.testCases.CalculateApi">

      </testcase>
      <testcase id="4" time="0h:0m:0s:500ms" name="main.java.projects.danrusu.testCases.CalculateApi">

      </testcase>
   </testsuite>
   <testsuite name="Validate_CalculateApi_DIVISION" failures="0" id="3" tests="5" time="0h:0m:2s:542ms">
      <testcase id="1" time="0h:0m:0s:506ms" name="main.java.projects.danrusu.testCases.CalculateApi">

      </testcase>
      <testcase id="2" time="0h:0m:0s:513ms" name="main.java.projects.danrusu.testCases.CalculateApi">

      </testcase>
      <testcase id="3" time="0h:0m:0s:502ms" name="main.java.projects.danrusu.testCases.CalculateApi">

      </testcase>
      <testcase id="4" time="0h:0m:0s:511ms" name="main.java.projects.danrusu.testCases.CalculateApi">

      </testcase>
      <testcase id="5" time="0h:0m:0s:504ms" name="main.java.projects.danrusu.testCases.CalculateApi">

      </testcase>
   </testsuite>
</testsuites>