<?xml version="1.0" encoding="UTF-8" ?>
<testsuites id="2019_05_08_00_04_39_danrusu_apiTest_Calculate" tests="3" time="0h:0m:8s:815ms" name="danrusu_apiTest_Calculate" failures="0">
   <testsuite id="1" tests="4" time="0h:0m:4s:319ms" name="Validate_CalculateApi_SUM" failures="0">
      <testcase id="1" time="0h:0m:2s:654ms" name="main.java.projects.danrusu.testCases.CalculateApi">

      </testcase>
      <testcase id="2" time="0h:0m:0s:555ms" name="main.java.projects.danrusu.testCases.CalculateApi">

      </testcase>
      <testcase id="3" time="0h:0m:0s:517ms" name="main.java.projects.danrusu.testCases.CalculateApi">

      </testcase>
      <testcase id="4" time="0h:0m:0s:580ms" name="main.java.projects.danrusu.testCases.CalculateApi">

      </testcase>
   </testsuite>
   <testsuite id="2" tests="4" time="0h:0m:1s:983ms" name="Validate_CalculateApi_MULTIPLICATION" failures="0">
      <testcase id="1" time="0h:0m:0s:466ms" name="main.java.projects.danrusu.testCases.CalculateApi">

      </testcase>
      <testcase id="2" time="0h:0m:0s:530ms" name="main.java.projects.danrusu.testCases.CalculateApi">

      </testcase>
      <testcase id="3" time="0h:0m:0s:470ms" name="main.java.projects.danrusu.testCases.CalculateApi">

      </testcase>
      <testcase id="4" time="0h:0m:0s:512ms" name="main.java.projects.danrusu.testCases.CalculateApi">

      </testcase>
   </testsuite>
   <testsuite id="3" tests="5" time="0h:0m:2s:499ms" name="Validate_CalculateApi_DIVISION" failures="0">
      <testcase id="1" time="0h:0m:0s:512ms" name="main.java.projects.danrusu.testCases.CalculateApi">

      </testcase>
      <testcase id="2" time="0h:0m:0s:505ms" name="main.java.projects.danrusu.testCases.CalculateApi">

      </testcase>
      <testcase id="3" time="0h:0m:0s:469ms" name="main.java.projects.danrusu.testCases.CalculateApi">

      </testcase>
      <testcase id="4" time="0h:0m:0s:552ms" name="main.java.projects.danrusu.testCases.CalculateApi">

      </testcase>
      <testcase id="5" time="0h:0m:0s:454ms" name="main.java.projects.danrusu.testCases.CalculateApi">

      </testcase>
   </testsuite>
</testsuites>