<?xml version="1.0" encoding="UTF-8" ?>
<testsuites time="0h:0m:0s:353ms" tests="7" id="2019_05_02_14_42_12_demo_XmlDynamicData" failures="0" name="demo_XmlDynamicData">
   <testsuite time="0h:0m:0s:144ms" tests="8" id="1" failures="0" name="Save_and_use_Variables">
      <testcase time="0h:0m:0s:36ms" id="1" name="main.java.projects.mock.testCases.MockSuccess">

      </testcase>
      <testcase time="0h:0m:0s:23ms" id="2" name="main.java.projects.mock.testCases.MockSuccess">

      </testcase>
      <testcase time="0h:0m:0s:10ms" id="3" name="main.java.projects.common.testCases.Wait">

      </testcase>
      <testcase time="0h:0m:0s:14ms" id="4" name="main.java.projects.mock.testCases.MockSuccess">

      </testcase>
      <testcase time="0h:0m:0s:12ms" id="5" name="main.java.projects.mock.testCases.MockSuccess">

      </testcase>
      <testcase time="0h:0m:0s:11ms" id="6" name="main.java.projects.mock.testCases.AddNumbers">

      </testcase>
      <testcase time="0h:0m:0s:12ms" id="7" name="main.java.projects.mock.testCases.MockSuccess">

      </testcase>
      <testcase time="0h:0m:0s:10ms" id="8" name="main.java.projects.common.testCases.AreEqual">

      </testcase>
   </testsuite>
   <testsuite time="0h:0m:0s:40ms" tests="4" id="2" failures="0" name="Reset_test_data">
      <testcase time="0h:0m:0s:15ms" id="1" name="main.java.projects.mock.testCases.MockSuccess">

      </testcase>
      <testcase time="0h:0m:0s:7ms" id="2" name="main.java.projects.common.testCases.AreEqual">

      </testcase>
      <testcase time="0h:0m:0s:5ms" id="3" name="main.java.projects.common.testCases.ResetSavedData">

      </testcase>
      <testcase time="0h:0m:0s:6ms" id="4" name="main.java.projects.common.testCases.AreEqual">

      </testcase>
   </testsuite>
   <testsuite time="0h:0m:0s:50ms" tests="2" id="3" failures="0" name="Dynamic_date_functions_example">
      <testcase time="0h:0m:0s:40ms" id="1" name="main.java.projects.mock.testCases.MockSuccess">

      </testcase>
      <testcase time="0h:0m:0s:4ms" id="2" name="main.java.projects.common.testCases.ResetSavedData">

      </testcase>
   </testsuite>
   <testsuite time="0h:0m:0s:54ms" tests="6" id="4" failures="0" name="Save_results_and_use_them_as_variables">
      <testcase time="0h:0m:0s:9ms" id="1" name="main.java.projects.mock.testCases.MockSaveResults">

      </testcase>
      <testcase time="0h:0m:0s:9ms" id="2" name="main.java.projects.common.testCases.AreEqual">

      </testcase>
      <testcase time="0h:0m:0s:10ms" id="3" name="main.java.projects.common.testCases.AreEqual">

      </testcase>
      <testcase time="0h:0m:0s:8ms" id="4" name="main.java.projects.common.testCases.AreEqual">

      </testcase>
      <testcase time="0h:0m:0s:6ms" id="5" name="main.java.projects.common.testCases.AreEqual">

      </testcase>
      <testcase time="0h:0m:0s:5ms" id="6" name="main.java.projects.common.testCases.AreEqual">
         <failure type="ERROR" message="FAILURE">
main.java.base.failures.Failure: java.lang.ArrayIndexOutOfBoundsException: Index 4 out of bounds for length 3
         </failure>
      </testcase>
   </testsuite>
   <testsuite time="0h:0m:0s:14ms" tests="1" id="5" failures="0" name="DSL function test">
      <testcase time="0h:0m:0s:10ms" id="1" name="main.java.projects.common.testCases.AreEqual">

      </testcase>
   </testsuite>
   <testsuite time="0h:0m:0s:10ms" tests="1" id="6" failures="0" name="DSL missing property">
      <testcase time="0h:0m:0s:6ms" id="1" name="main.java.projects.common.testCases.AreEqual">
         <failure type="ERROR" message="FAILURE">
main.java.base.failures.Failure: Missing property: "notDefinedProperty"
         </failure>
      </testcase>
   </testsuite>
   <testsuite time="0h:0m:0s:24ms" tests="2" id="7" failures="0" name="DSL property from file">
      <testcase time="0h:0m:0s:7ms" id="1" name="main.java.projects.common.testCases.LoadProperties">

      </testcase>
      <testcase time="0h:0m:0s:11ms" id="2" name="main.java.projects.common.testCases.AreEqual">

      </testcase>
   </testsuite>
</testsuites>