<?xml version="1.0" encoding="UTF-8" ?>
<testsuites id="2019_05_08_00_17_00_demo_XmlDynamicData" tests="7" time="0h:0m:0s:491ms" name="demo_XmlDynamicData" failures="0">
   <testsuite id="1" tests="8" time="0h:0m:0s:159ms" name="Save_and_use_Variables" failures="0">
      <testcase name="main.java.projects.mock.testCases.MockSuccess" id="1" time="0h:0m:0s:37ms">

      </testcase>
      <testcase name="main.java.projects.mock.testCases.MockSuccess" id="2" time="0h:0m:0s:20ms">

      </testcase>
      <testcase name="main.java.projects.common.testCases.Wait" id="3" time="0h:0m:0s:15ms">

      </testcase>
      <testcase name="main.java.projects.mock.testCases.MockSuccess" id="4" time="0h:0m:0s:13ms">

      </testcase>
      <testcase name="main.java.projects.mock.testCases.MockSuccess" id="5" time="0h:0m:0s:10ms">

      </testcase>
      <testcase name="main.java.projects.mock.testCases.AddNumbers" id="6" time="0h:0m:0s:11ms">

      </testcase>
      <testcase name="main.java.projects.mock.testCases.MockSuccess" id="7" time="0h:0m:0s:13ms">

      </testcase>
      <testcase name="main.java.projects.common.testCases.AreEqual" id="8" time="0h:0m:0s:24ms">

      </testcase>
   </testsuite>
   <testsuite id="2" tests="4" time="0h:0m:0s:56ms" name="Reset_test_data" failures="0">
      <testcase name="main.java.projects.mock.testCases.MockSuccess" id="1" time="0h:0m:0s:19ms">

      </testcase>
      <testcase name="main.java.projects.common.testCases.AreEqual" id="2" time="0h:0m:0s:11ms">

      </testcase>
      <testcase name="main.java.projects.common.testCases.ResetSavedData" id="3" time="0h:0m:0s:9ms">

      </testcase>
      <testcase name="main.java.projects.common.testCases.AreEqual" id="4" time="0h:0m:0s:10ms">

      </testcase>
   </testsuite>
   <testsuite id="3" tests="2" time="0h:0m:0s:78ms" name="Dynamic_date_functions_example" failures="0">
      <testcase name="main.java.projects.mock.testCases.MockSuccess" id="1" time="0h:0m:0s:64ms">

      </testcase>
      <testcase name="main.java.projects.common.testCases.ResetSavedData" id="2" time="0h:0m:0s:10ms">

      </testcase>
   </testsuite>
   <testsuite id="4" tests="6" time="0h:0m:0s:91ms" name="Save_results_and_use_them_as_variables" failures="0">
      <testcase name="main.java.projects.mock.testCases.MockSaveResults" id="1" time="0h:0m:0s:17ms">

      </testcase>
      <testcase name="main.java.projects.common.testCases.AreEqual" id="2" time="0h:0m:0s:10ms">

      </testcase>
      <testcase name="main.java.projects.common.testCases.AreEqual" id="3" time="0h:0m:0s:16ms">

      </testcase>
      <testcase name="main.java.projects.common.testCases.AreEqual" id="4" time="0h:0m:0s:13ms">

      </testcase>
      <testcase name="main.java.projects.common.testCases.AreEqual" id="5" time="0h:0m:0s:16ms">

      </testcase>
      <testcase name="main.java.projects.common.testCases.AreEqual" id="6" time="0h:0m:0s:9ms">
         <failure message="FAILURE" type="ERROR">
main.java.base.failures.Failure: java.lang.ArrayIndexOutOfBoundsException: Index 4 out of bounds for length 3
         </failure>
      </testcase>
   </testsuite>
   <testsuite id="5" tests="1" time="0h:0m:0s:29ms" name="DSL function test" failures="0">
      <testcase name="main.java.projects.common.testCases.AreEqual" id="1" time="0h:0m:0s:21ms">

      </testcase>
   </testsuite>
   <testsuite id="6" tests="1" time="0h:0m:0s:19ms" name="DSL missing property" failures="0">
      <testcase name="main.java.projects.common.testCases.AreEqual" id="1" time="0h:0m:0s:12ms">
         <failure message="FAILURE" type="ERROR">
main.java.base.failures.Failure: Missing property: "notDefinedProperty"
         </failure>
      </testcase>
   </testsuite>
   <testsuite id="7" tests="2" time="0h:0m:0s:38ms" name="DSL property from file" failures="0">
      <testcase name="main.java.projects.common.testCases.LoadProperties" id="1" time="0h:0m:0s:10ms">

      </testcase>
      <testcase name="main.java.projects.common.testCases.AreEqual" id="2" time="0h:0m:0s:19ms">

      </testcase>
   </testsuite>
</testsuites>