<?xml version="1.0" encoding="UTF-8" ?>
<testsuites tests="3" time="0h:0m:14s:871ms" name="demo_browsersDD" failures="0" id="2019_05_08_00_10_36_demo_browsersDD">
   <testsuite tests="1" time="0h:0m:5s:657ms" name="BrowserTest" failures="0" id="1">
      <testcase time="0h:0m:4s:980ms" name="main.java.projects.common.testCases.OpenPage" id="1">

      </testcase>
   </testsuite>
   <testsuite tests="1" time="0h:0m:5s:434ms" name="BrowserTest" failures="0" id="2">
      <testcase time="0h:0m:4s:535ms" name="main.java.projects.common.testCases.OpenPage" id="1">

      </testcase>
   </testsuite>
   <testsuite tests="1" time="0h:0m:3s:768ms" name="BrowserTest" failures="0" id="3">
      <testcase time="0h:0m:3s:102ms" name="main.java.projects.common.testCases.OpenPage" id="1">

      </testcase>
   </testsuite>
</testsuites>