<?xml version="1.0" encoding="UTF-8" ?>
<testsuites name="demo_browsers" failures="0" id="2019_05_08_00_09_45_demo_browsers" tests="3" time="0h:0m:18s:222ms">
   <testsuite name="ChromeTest" failures="0" id="1" tests="1" time="0h:0m:6s:642ms">
      <testcase id="1" time="0h:0m:2s:768ms" name="main.java.projects.common.testCases.OpenPage">

      </testcase>
   </testsuite>
   <testsuite name="FirefoxTest" failures="0" id="2" tests="1" time="0h:0m:7s:408ms">
      <testcase id="1" time="0h:0m:3s:813ms" name="main.java.projects.common.testCases.OpenPage">

      </testcase>
   </testsuite>
   <testsuite name="IETest" failures="0" id="3" tests="1" time="0h:0m:4s:152ms">
      <testcase id="1" time="0h:0m:2s:33ms" name="main.java.projects.common.testCases.OpenPage">

      </testcase>
   </testsuite>
</testsuites>