<?xml version="1.0" encoding="UTF-8" ?>
<testsuites name="demo_browsers" failures="0" id="2019_05_02_14_47_41_demo_browsers" tests="3" time="0h:0m:20s:557ms">
   <testsuite name="ChromeTest" failures="0" id="1" tests="1" time="0h:0m:8s:666ms">
      <testcase time="0h:0m:4s:890ms" name="main.java.projects.common.testCases.OpenPage" id="1">

      </testcase>
   </testsuite>
   <testsuite name="FirefoxTest" failures="0" id="2" tests="1" time="0h:0m:6s:931ms">
      <testcase time="0h:0m:2s:750ms" name="main.java.projects.common.testCases.OpenPage" id="1">

      </testcase>
   </testsuite>
   <testsuite name="IETest" failures="0" id="3" tests="1" time="0h:0m:4s:947ms">
      <testcase time="0h:0m:0s:97ms" name="main.java.projects.common.testCases.OpenPage" id="1">

      </testcase>
   </testsuite>
</testsuites>