<?xml version="1.0" encoding="UTF-8" ?>
<testsuites tests="8" time="0h:0m:0s:294ms" name="demo_dataProvidersTest" failures="0" id="2019_05_02_14_43_45_demo_dataProvidersTest">
   <testsuite tests="3" time="0h:0m:0s:64ms" name="dataProviderTest1" failures="0" id="1">
      <testcase time="0h:0m:0s:21ms" name="main.java.projects.mock.testCases.MockSuccess" id="1">

      </testcase>
      <testcase time="0h:0m:0s:22ms" name="main.java.projects.mock.testCases.MockSuccess" id="2">

      </testcase>
      <testcase time="0h:0m:0s:9ms" name="main.java.projects.mock.testCases.MockSuccess" id="3">

      </testcase>
   </testsuite>
   <testsuite tests="3" time="0h:0m:0s:41ms" name="dataProviderTest1" failures="0" id="2">
      <testcase time="0h:0m:0s:13ms" name="main.java.projects.mock.testCases.MockSuccess" id="1">

      </testcase>
      <testcase time="0h:0m:0s:16ms" name="main.java.projects.mock.testCases.MockSuccess" id="2">

      </testcase>
      <testcase time="0h:0m:0s:7ms" name="main.java.projects.mock.testCases.MockSuccess" id="3">

      </testcase>
   </testsuite>
   <testsuite tests="3" time="0h:0m:0s:39ms" name="dataProviderTest1" failures="0" id="3">
      <testcase time="0h:0m:0s:6ms" name="main.java.projects.mock.testCases.MockSuccess" id="1">

      </testcase>
      <testcase time="0h:0m:0s:18ms" name="main.java.projects.mock.testCases.MockSuccess" id="2">

      </testcase>
      <testcase time="0h:0m:0s:8ms" name="main.java.projects.mock.testCases.MockSuccess" id="3">

      </testcase>
   </testsuite>
   <testsuite tests="1" time="0h:0m:0s:29ms" name="dataProviderTest2" failures="0" id="4">
      <testcase time="0h:0m:0s:26ms" name="main.java.projects.mock.testCases.MockSuccess" id="1">

      </testcase>
   </testsuite>
   <testsuite tests="1" time="0h:0m:0s:27ms" name="dataProviderTest2" failures="0" id="5">
      <testcase time="0h:0m:0s:24ms" name="main.java.projects.mock.testCases.MockSuccess" id="1">

      </testcase>
   </testsuite>
   <testsuite tests="1" time="0h:0m:0s:27ms" name="dataProviderTest2" failures="0" id="6">
      <testcase time="0h:0m:0s:22ms" name="main.java.projects.mock.testCases.MockSuccess" id="1">

      </testcase>
   </testsuite>
   <testsuite tests="1" time="0h:0m:0s:26ms" name="dataProviderTest2" failures="0" id="7">
      <testcase time="0h:0m:0s:23ms" name="main.java.projects.mock.testCases.MockSuccess" id="1">

      </testcase>
   </testsuite>
   <testsuite tests="1" time="0h:0m:0s:24ms" name="dataProviderTest2" failures="0" id="8">
      <testcase time="0h:0m:0s:21ms" name="main.java.projects.mock.testCases.MockSuccess" id="1">

      </testcase>
   </testsuite>
</testsuites>