<?xml version="1.0" encoding="UTF-8" ?>
<testsuites name="demo_simpleDataProvider" failures="0" id="2019_05_08_00_15_20_demo_simpleDataProvider" tests="8" time="0h:0m:0s:433ms">
   <testsuite name="dataProviderTest1" failures="0" id="1" tests="3" time="0h:0m:0s:57ms">
      <testcase time="0h:0m:0s:23ms" name="main.java.projects.mock.testCases.MockSuccess" id="1">

      </testcase>
      <testcase time="0h:0m:0s:21ms" name="main.java.projects.mock.testCases.MockSuccess" id="2">

      </testcase>
      <testcase time="0h:0m:0s:7ms" name="main.java.projects.mock.testCases.MockSuccess" id="3">

      </testcase>
   </testsuite>
   <testsuite name="dataProviderTest1" failures="0" id="2" tests="3" time="0h:0m:0s:40ms">
      <testcase time="0h:0m:0s:11ms" name="main.java.projects.mock.testCases.MockSuccess" id="1">

      </testcase>
      <testcase time="0h:0m:0s:14ms" name="main.java.projects.mock.testCases.MockSuccess" id="2">

      </testcase>
      <testcase time="0h:0m:0s:10ms" name="main.java.projects.mock.testCases.MockSuccess" id="3">

      </testcase>
   </testsuite>
   <testsuite name="dataProviderTest1" failures="0" id="3" tests="3" time="0h:0m:0s:74ms">
      <testcase time="0h:0m:0s:16ms" name="main.java.projects.mock.testCases.MockSuccess" id="1">

      </testcase>
      <testcase time="0h:0m:0s:38ms" name="main.java.projects.mock.testCases.MockSuccess" id="2">

      </testcase>
      <testcase time="0h:0m:0s:15ms" name="main.java.projects.mock.testCases.MockSuccess" id="3">

      </testcase>
   </testsuite>
   <testsuite name="dataProviderTest2" failures="0" id="4" tests="1" time="0h:0m:0s:45ms">
      <testcase time="0h:0m:0s:36ms" name="main.java.projects.mock.testCases.MockSuccess" id="1">

      </testcase>
   </testsuite>
   <testsuite name="dataProviderTest2" failures="0" id="5" tests="1" time="0h:0m:0s:55ms">
      <testcase time="0h:0m:0s:44ms" name="main.java.projects.mock.testCases.MockSuccess" id="1">

      </testcase>
   </testsuite>
   <testsuite name="dataProviderTest2" failures="0" id="6" tests="1" time="0h:0m:0s:56ms">
      <testcase time="0h:0m:0s:48ms" name="main.java.projects.mock.testCases.MockSuccess" id="1">

      </testcase>
   </testsuite>
   <testsuite name="dataProviderTest2" failures="0" id="7" tests="1" time="0h:0m:0s:52ms">
      <testcase time="0h:0m:0s:44ms" name="main.java.projects.mock.testCases.MockSuccess" id="1">

      </testcase>
   </testsuite>
   <testsuite name="dataProviderTest2" failures="0" id="8" tests="1" time="0h:0m:0s:37ms">
      <testcase time="0h:0m:0s:29ms" name="main.java.projects.mock.testCases.MockSuccess" id="1">

      </testcase>
   </testsuite>
</testsuites>