<?xml version="1.0" encoding="UTF-8" ?>
<testsuites tests="10" id="2019_05_08_00_04_00_demo_simpleConfig" failures="0" name="demo_simpleConfig" time="0h:0m:0s:294ms">
   <testsuite tests="1" id="1" failures="0" name="Test1" time="0h:0m:0s:65ms">
      <testcase time="0h:0m:0s:39ms" id="1" name="main.java.projects.mock.testCases.MockSuccess">

      </testcase>
   </testsuite>
   <testsuite tests="1" id="2" failures="0" name="Test2" time="0h:0m:0s:10ms">
      <testcase time="0h:0m:0s:7ms" id="1" name="main.java.projects.mock.testCases.MockSuccess">

      </testcase>
   </testsuite>
   <testsuite tests="1" id="3" failures="0" name="Test3" time="0h:0m:0s:12ms">
      <testcase time="0h:0m:0s:9ms" id="1" name="main.java.projects.mock.testCases.MockSuccess">

      </testcase>
   </testsuite>
   <testsuite tests="1" id="4" failures="0" name="Test4" time="0h:0m:0s:14ms">
      <testcase time="0h:0m:0s:7ms" id="1" name="main.java.projects.mock.testCases.MockSuccess">

      </testcase>
   </testsuite>
   <testsuite tests="1" id="5" failures="0" name="Test5" time="0h:0m:0s:9ms">
      <testcase time="0h:0m:0s:6ms" id="1" name="main.java.projects.mock.testCases.MockSuccess">

      </testcase>
   </testsuite>
   <testsuite tests="1" id="6" failures="0" name="Test6" time="0h:0m:0s:18ms">
      <testcase time="0h:0m:0s:13ms" id="1" name="main.java.projects.mock.testCases.MockSuccess">

      </testcase>
   </testsuite>
   <testsuite tests="1" id="7" failures="0" name="Test7" time="0h:0m:0s:16ms">
      <testcase time="0h:0m:0s:12ms" id="1" name="main.java.projects.mock.testCases.MockSuccess">

      </testcase>
   </testsuite>
   <testsuite tests="1" id="8" failures="0" name="Test8" time="0h:0m:0s:19ms">
      <testcase time="0h:0m:0s:14ms" id="1" name="main.java.projects.mock.testCases.MockSuccess">

      </testcase>
   </testsuite>
   <testsuite tests="1" id="9" failures="0" name="Test9" time="0h:0m:0s:15ms">
      <testcase time="0h:0m:0s:10ms" id="1" name="main.java.projects.mock.testCases.MockSuccess">

      </testcase>
   </testsuite>
   <testsuite tests="10" id="10" failures="0" name="Test10" time="0h:0m:0s:100ms">
      <testcase time="0h:0m:0s:12ms" id="1" name="main.java.projects.mock.testCases.MockSuccess">

      </testcase>
      <testcase time="0h:0m:0s:13ms" id="2" name="main.java.projects.mock.testCases.MockSuccess">

      </testcase>
      <testcase time="0h:0m:0s:9ms" id="3" name="main.java.projects.mock.testCases.MockSuccess">

      </testcase>
      <testcase time="0h:0m:0s:8ms" id="4" name="main.java.projects.mock.testCases.MockSuccess">

      </testcase>
      <testcase time="0h:0m:0s:8ms" id="5" name="main.java.projects.mock.testCases.MockSuccess">

      </testcase>
      <testcase time="0h:0m:0s:9ms" id="6" name="main.java.projects.mock.testCases.MockSuccess">

      </testcase>
      <testcase time="0h:0m:0s:9ms" id="7" name="main.java.projects.mock.testCases.MockSuccess">

      </testcase>
      <testcase time="0h:0m:0s:8ms" id="8" name="main.java.projects.mock.testCases.MockSuccess">

      </testcase>
      <testcase time="0h:0m:0s:7ms" id="9" name="main.java.projects.mock.testCases.MockSuccess">

      </testcase>
      <testcase time="0h:0m:0s:6ms" id="10" name="main.java.projects.mock.testCases.MockSuccess">

      </testcase>
   </testsuite>
</testsuites>