<?xml version="1.0" encoding="UTF-8" ?>
<testsuites failures="0" name="danrusu_apiTestDataDriven" time="0h:0m:9s:113ms" tests="13" id="2019_05_02_14_52_21_danrusu_apiTestDataDriven">
   <testsuite failures="0" name="CalculateApiTest" time="0h:0m:2s:795ms" tests="1" id="1">
      <testcase name="main.java.projects.danrusu.testCases.CalculateApi" time="0h:0m:2s:782ms" id="1">

      </testcase>
   </testsuite>
   <testsuite failures="0" name="CalculateApiTest" time="0h:0m:0s:552ms" tests="1" id="2">
      <testcase name="main.java.projects.danrusu.testCases.CalculateApi" time="0h:0m:0s:548ms" id="1">

      </testcase>
   </testsuite>
   <testsuite failures="0" name="CalculateApiTest" time="0h:0m:0s:534ms" tests="1" id="3">
      <testcase name="main.java.projects.danrusu.testCases.CalculateApi" time="0h:0m:0s:530ms" id="1">

      </testcase>
   </testsuite>
   <testsuite failures="0" name="CalculateApiTest" time="0h:0m:0s:530ms" tests="1" id="4">
      <testcase name="main.java.projects.danrusu.testCases.CalculateApi" time="0h:0m:0s:525ms" id="1">

      </testcase>
   </testsuite>
   <testsuite failures="0" name="CalculateApiTest" time="0h:0m:0s:524ms" tests="1" id="5">
      <testcase name="main.java.projects.danrusu.testCases.CalculateApi" time="0h:0m:0s:521ms" id="1">

      </testcase>
   </testsuite>
   <testsuite failures="0" name="CalculateApiTest" time="0h:0m:0s:548ms" tests="1" id="6">
      <testcase name="main.java.projects.danrusu.testCases.CalculateApi" time="0h:0m:0s:544ms" id="1">

      </testcase>
   </testsuite>
   <testsuite failures="0" name="CalculateApiTest" time="0h:0m:0s:515ms" tests="1" id="7">
      <testcase name="main.java.projects.danrusu.testCases.CalculateApi" time="0h:0m:0s:512ms" id="1">

      </testcase>
   </testsuite>
   <testsuite failures="0" name="CalculateApiTest" time="0h:0m:0s:515ms" tests="1" id="8">
      <testcase name="main.java.projects.danrusu.testCases.CalculateApi" time="0h:0m:0s:511ms" id="1">

      </testcase>
   </testsuite>
   <testsuite failures="0" name="CalculateApiTest" time="0h:0m:0s:521ms" tests="1" id="9">
      <testcase name="main.java.projects.danrusu.testCases.CalculateApi" time="0h:0m:0s:517ms" id="1">

      </testcase>
   </testsuite>
   <testsuite failures="0" name="CalculateApiTest" time="0h:0m:0s:515ms" tests="1" id="10">
      <testcase name="main.java.projects.danrusu.testCases.CalculateApi" time="0h:0m:0s:511ms" id="1">

      </testcase>
   </testsuite>
   <testsuite failures="0" name="CalculateApiTest" time="0h:0m:0s:521ms" tests="1" id="11">
      <testcase name="main.java.projects.danrusu.testCases.CalculateApi" time="0h:0m:0s:517ms" id="1">

      </testcase>
   </testsuite>
   <testsuite failures="0" name="CalculateApiTest" time="0h:0m:0s:524ms" tests="1" id="12">
      <testcase name="main.java.projects.danrusu.testCases.CalculateApi" time="0h:0m:0s:521ms" id="1">

      </testcase>
   </testsuite>
   <testsuite failures="0" name="CalculateApiTest" time="0h:0m:0s:501ms" tests="1" id="13">
      <testcase name="main.java.projects.danrusu.testCases.CalculateApi" time="0h:0m:0s:497ms" id="1">

      </testcase>
   </testsuite>
</testsuites>