<?xml version="1.0" encoding="UTF-8" ?>
<testsuites tests="13" time="0h:0m:8s:974ms" name="danrusu_apiTestCalculateDD" failures="0" id="2019_05_08_00_05_44_danrusu_apiTestCalculateDD">
   <testsuite tests="1" time="0h:0m:2s:660ms" name="CalculateApiTest" failures="0" id="1">
      <testcase time="0h:0m:2s:651ms" name="main.java.projects.danrusu.testCases.CalculateApi" id="1">

      </testcase>
   </testsuite>
   <testsuite tests="1" time="0h:0m:0s:613ms" name="CalculateApiTest" failures="0" id="2">
      <testcase time="0h:0m:0s:586ms" name="main.java.projects.danrusu.testCases.CalculateApi" id="1">

      </testcase>
   </testsuite>
   <testsuite tests="1" time="0h:0m:0s:478ms" name="CalculateApiTest" failures="0" id="3">
      <testcase time="0h:0m:0s:473ms" name="main.java.projects.danrusu.testCases.CalculateApi" id="1">

      </testcase>
   </testsuite>
   <testsuite tests="1" time="0h:0m:0s:552ms" name="CalculateApiTest" failures="0" id="4">
      <testcase time="0h:0m:0s:547ms" name="main.java.projects.danrusu.testCases.CalculateApi" id="1">

      </testcase>
   </testsuite>
   <testsuite tests="1" time="0h:0m:0s:551ms" name="CalculateApiTest" failures="0" id="5">
      <testcase time="0h:0m:0s:547ms" name="main.java.projects.danrusu.testCases.CalculateApi" id="1">

      </testcase>
   </testsuite>
   <testsuite tests="1" time="0h:0m:0s:476ms" name="CalculateApiTest" failures="0" id="6">
      <testcase time="0h:0m:0s:472ms" name="main.java.projects.danrusu.testCases.CalculateApi" id="1">

      </testcase>
   </testsuite>
   <testsuite tests="1" time="0h:0m:0s:549ms" name="CalculateApiTest" failures="0" id="7">
      <testcase time="0h:0m:0s:545ms" name="main.java.projects.danrusu.testCases.CalculateApi" id="1">

      </testcase>
   </testsuite>
   <testsuite tests="1" time="0h:0m:0s:484ms" name="CalculateApiTest" failures="0" id="8">
      <testcase time="0h:0m:0s:478ms" name="main.java.projects.danrusu.testCases.CalculateApi" id="1">

      </testcase>
   </testsuite>
   <testsuite tests="1" time="0h:0m:0s:513ms" name="CalculateApiTest" failures="0" id="9">
      <testcase time="0h:0m:0s:509ms" name="main.java.projects.danrusu.testCases.CalculateApi" id="1">

      </testcase>
   </testsuite>
   <testsuite tests="1" time="0h:0m:0s:608ms" name="CalculateApiTest" failures="0" id="10">
      <testcase time="0h:0m:0s:597ms" name="main.java.projects.danrusu.testCases.CalculateApi" id="1">

      </testcase>
   </testsuite>
   <testsuite tests="1" time="0h:0m:0s:501ms" name="CalculateApiTest" failures="0" id="11">
      <testcase time="0h:0m:0s:496ms" name="main.java.projects.danrusu.testCases.CalculateApi" id="1">

      </testcase>
   </testsuite>
   <testsuite tests="1" time="0h:0m:0s:459ms" name="CalculateApiTest" failures="0" id="12">
      <testcase time="0h:0m:0s:455ms" name="main.java.projects.danrusu.testCases.CalculateApi" id="1">

      </testcase>
   </testsuite>
   <testsuite tests="1" time="0h:0m:0s:515ms" name="CalculateApiTest" failures="0" id="13">
      <testcase time="0h:0m:0s:511ms" name="main.java.projects.danrusu.testCases.CalculateApi" id="1">

      </testcase>
   </testsuite>
</testsuites>